#
# A fatal error has been detected by the Java Runtime Environment:
#
#  Internal Error (javaClasses.cpp:129), pid=8208, tid=6268
#  fatal error: Invalid layout of preloaded class
#
# JRE version: 7.0_11-b21
# Java VM: Java HotSpot(TM) Client VM (23.6-b04 mixed mode windows-x86 )
# Failed to write core dump. Minidumps are not enabled by default on client versions of Windows
#
# If you would like to submit a bug report, please visit:
#   http://bugreport.sun.com/bugreport/crash.jsp
#

---------------  T H R E A D  ---------------

Current thread (0x0240bc00):  JavaThread "Unknown thread" [_thread_in_vm, id=6268, stack(0x004c0000,0x00510000)]

Stack: [0x004c0000,0x00510000],  sp=0x0050f9f4,  free space=318k
Native frames: (J=compiled Java code, j=interpreted, Vv=VM code, C=native code)
V  [jvm.dll+0x16f311]
V  [jvm.dll+0x1694c6]
V  [jvm.dll+0x2082f]
V  [jvm.dll+0x208b6]
V  [jvm.dll+0x2e64d]
V  [jvm.dll+0x2e8f9]
V  [jvm.dll+0x77d01]
V  [jvm.dll+0x780bb]
V  [jvm.dll+0x129101]
V  [jvm.dll+0x149baa]
V  [jvm.dll+0xa997f]
C  [javaw.exe+0x13ca]
C  [javaw.exe+0x1e3c]
C  [javaw.exe+0xa5e3]
C  [javaw.exe+0xa66d]
C  [kernel32.dll+0x133aa]  BaseThreadInitThunk+0x12
C  [ntdll.dll+0x39ef2]  RtlInitializeExceptionChain+0x63
C  [ntdll.dll+0x39ec5]  RtlInitializeExceptionChain+0x36


---------------  P R O C E S S  ---------------

Java Threads: ( => current thread )

Other Threads:

=>0x0240bc00 (exited) JavaThread "Unknown thread" [_thread_in_vm, id=6268, stack(0x004c0000,0x00510000)]

VM state:not at safepoint (not fully initialized)

VM Mutex/Monitor currently owned by a thread: None

GC Heap History (0 events):
No events

Deoptimization events (0 events):
No events

Internal exceptions (0 events):
No events

Events (10 events):
Event: 0.025 loading class 0x022ae290 done
Event: 0.025 loading class 0x022acc30 done
Event: 0.025 loading class 0x022acc08
Event: 0.025 loading class 0x023236a0
Event: 0.025 loading class 0x023236a0 done
Event: 0.025 loading class 0x023236d8
Event: 0.025 loading class 0x023236d8 done
Event: 0.025 loading class 0x023245b0
Event: 0.026 loading class 0x023245b0 done
Event: 0.026 loading class 0x022acc08 done


Dynamic libraries:
0x00d40000 - 0x00d6f000 	C:\Program Files (x86)\Java\jre7\bin\javaw.exe
0x77110000 - 0x77290000 	C:\Windows\SysWOW64\ntdll.dll
0x75c70000 - 0x75d80000 	C:\Windows\syswow64\kernel32.dll
0x75b10000 - 0x75b57000 	C:\Windows\syswow64\KERNELBASE.dll
0x75bd0000 - 0x75c70000 	C:\Windows\syswow64\ADVAPI32.dll
0x76400000 - 0x764ac000 	C:\Windows\syswow64\msvcrt.dll
0x75bb0000 - 0x75bc9000 	C:\Windows\SysWOW64\sechost.dll
0x76310000 - 0x76400000 	C:\Windows\syswow64\RPCRT4.dll
0x747f0000 - 0x74850000 	C:\Windows\syswow64\SspiCli.dll
0x747e0000 - 0x747ec000 	C:\Windows\syswow64\CRYPTBASE.dll
0x75de0000 - 0x75ee0000 	C:\Windows\syswow64\USER32.dll
0x76280000 - 0x76310000 	C:\Windows\syswow64\GDI32.dll
0x74a10000 - 0x74a1a000 	C:\Windows\syswow64\LPK.dll
0x75ee0000 - 0x75f7d000 	C:\Windows\syswow64\USP10.dll
0x70230000 - 0x703ce000 	C:\Windows\WinSxS\x86_microsoft.windows.common-controls_6595b64144ccf1df_6.0.7601.17514_none_41e6975e2bd6f2b2\COMCTL32.dll
0x761f0000 - 0x76247000 	C:\Windows\syswow64\SHLWAPI.dll
0x75d80000 - 0x75de0000 	C:\Windows\system32\IMM32.DLL
0x74850000 - 0x7491c000 	C:\Windows\syswow64\MSCTF.dll
0x745c0000 - 0x745f8000 	C:\Windows\SysWOW64\nvinit.dll
0x0f000000 - 0x0f006000 	C:\Program Files (x86)\NVIDIA Corporation\CoProcManager\_etoured.dll
0x70050000 - 0x7008d000 	C:\Program Files (x86)\NVIDIA Corporation\CoProcManager\nvd3d9wrap.dll
0x75670000 - 0x7580d000 	C:\Windows\syswow64\SETUPAPI.dll
0x75ae0000 - 0x75b07000 	C:\Windows\syswow64\CFGMGR32.dll
0x74980000 - 0x74a0f000 	C:\Windows\syswow64\OLEAUT32.dll
0x75980000 - 0x75adc000 	C:\Windows\syswow64\ole32.dll
0x75920000 - 0x75932000 	C:\Windows\syswow64\DEVOBJ.dll
0x70020000 - 0x7004f000 	C:\Program Files (x86)\NVIDIA Corporation\CoProcManager\nvdxgiwrap.dll
0x5c3e0000 - 0x5c49e000 	C:\Program Files (x86)\Java\jre7\bin\msvcr100.dll
0x5c090000 - 0x5c3dc000 	C:\Program Files (x86)\Java\jre7\bin\client\jvm.dll
0x723b0000 - 0x723b7000 	C:\Windows\system32\WSOCK32.dll
0x75940000 - 0x75975000 	C:\Windows\syswow64\WS2_32.dll
0x764e0000 - 0x764e6000 	C:\Windows\syswow64\NSI.dll
0x72340000 - 0x72372000 	C:\Windows\system32\WINMM.dll
0x75f90000 - 0x75f95000 	C:\Windows\syswow64\PSAPI.DLL
0x6ef60000 - 0x6ef6c000 	C:\Program Files (x86)\Java\jre7\bin\verify.dll
0x6ab50000 - 0x6ab70000 	C:\Program Files (x86)\Java\jre7\bin\java.dll
0x6ab70000 - 0x6ab83000 	C:\Program Files (x86)\Java\jre7\bin\zip.dll
0x6cde0000 - 0x6cecb000 	C:\Windows\system32\dbghelp.dll

VM Arguments:
jvm_args: -Dfile.encoding=Cp1252 -Xbootclasspath:C:\Android\android-sdk\sdk\platforms\android-17\android.jar 
java_command: JUnits.MainTester
Launcher Type: SUN_STANDARD

Environment Variables:
PATH=C:/PROGRAM FILES (X86)/JAVA/JDK1.7.0/BIN/../jre/bin/client;C:/PROGRAM FILES (X86)/JAVA/JDK1.7.0/BIN/../jre/bin;C:/PROGRAM FILES (X86)/JAVA/JDK1.7.0/BIN/../jre/lib/i386;C:\Program Files (x86)\NVIDIA Corporation\PhysX\Common;C:\PROGRAM FILES (X86)\JAVA\JDK1.7.0\BIN;C:\PROGRAM FILES\COMMON FILES\MICROSOFT SHARED\WINDOWS LIVE;C:\PROGRAM FILES (X86)\COMMON FILES\MICROSOFT SHARED\WINDOWS LIVE;C:\Windows\SYSTEM32;C:\Windows;C:\Windows\SYSTEM32\WBEM;C:\Windows\SYSTEM32\WINDOWSPOWERSHELL\V1.0\;C:\PROGRAM FILES\BROADCOM\WHL\;C:\PROGRAM FILES\BROADCOM\WHL\SYSWOW64;C:\PROGRAM FILES\BROADCOM\WHL\SYSWOW64\;C:\PROGRAM FILES\BROADCOM\WHL\SYSWOW64\SYSWOW64;C:\PROGRAM FILES (X86)\COMMON FILES\LENOVO;C:\PROGRAM FILES (X86)\COMMON FILES\ULEAD SYSTEMS\MPEG;C:\PROGRAM FILES (X86)\WINDOWS LIVE\SHARED;C:\SWTOOLS\READYAPPS;C:\PROGRAM FILES (X86)\INTEL\SERVICES\IPT\;C:\PROGRAM FILES (X86)\SYMANTEC\VIP ACCESS CLIENT\;C:\PROGRAM FILES (X86)\COMMON FILES\HP\DIGITAL IMAGING\BIN;C:\PROGRAM FILES (X86)\HP\DIGITAL IMAGING\BIN\;C:\PROGRAM FILES (X86)\HP\DIGITAL IMAGING\BIN\QT\QT 4.3.3;C:\Program Files\Intel\WiFi\bin\;C:\Program Files\Common Files\Intel\WirelessCommon\;C:\Program Files\Microsoft SQL Server\110\Tools\Binn\;C:\Program Files\Intel\WiFi\bin\;C:\Program Files\Common Files\Intel\WirelessCommon\;C:\Users\Peter\Desktop\eclipse;
USERNAME=Peter
OS=Windows_NT
PROCESSOR_IDENTIFIER=Intel64 Family 6 Model 42 Stepping 7, GenuineIntel



---------------  S Y S T E M  ---------------

OS: Windows 7 , 64 bit Build 7601 Service Pack 1

CPU:total 8 (4 cores per cpu, 2 threads per core) family 6 model 42 stepping 7, cmov, cx8, fxsr, mmx, sse, sse2, sse3, ssse3, sse4.1, sse4.2, popcnt, avx, ht, tsc, tscinvbit

Memory: 4k page, physical 8273136k(4919060k free), swap 16544416k(13000152k free)

vm_info: Java HotSpot(TM) Client VM (23.6-b04) for windows-x86 JRE (1.7.0_11-b21), built on Jan 12 2013 02:19:22 by "java_re" with unknown MS VC++:1600

time: Wed Apr 10 12:37:39 2013
elapsed time: 0 seconds

